{"devicePlatform":"","logFolder":"C:\\Users\\hwanta\\Katalon Studio\\admin\\Reports\\admin P1\\20180208_162025","runData":{"hostName":"hwanta - tt","os":"Windows 7 64bit","katalonVersion":"5.3.0.1","browser":"Chrome 63.0.3239.132","hostAddress":"10.77.236.189","sessionId":"27d7cb45fcb07d8b6f27c81b6882f6ff","seleniumVersion":"3.7.1","proxyInformation":"ProxyInformation{proxyOption\u003dNO_PROXY, proxyServerType\u003dHTTP, password\u003d, proxyServerAddress\u003d, proxyServerPort\u003d0}","platform":"Windows 7"},"type":"TEST_SUITE","name":"admin P1","id":"Test Suites/admin P1","source":"","message":"Test Cases/login FAILED because (of) No alert found","description":"","startTime":1518074429962,"endTime":1518074450299,"childRecords":[{"isOptional":false,"type":"TEST_CASE","name":"Test Cases/login","id":"Test Cases/login","source":"C:\\\\Users\\\\hwanta\\\\Katalon Studio\\\\admin\\\\Test Cases\\\\login.tc","message":"Test Cases/login FAILED because (of) No alert found","description":"","startTime":1518074430554,"endTime":1518074441768,"childRecords":[{"testStatus":{"stackTrace":"","statusValue":"INFO"},"type":"MESSAGE","name":"","message":"Evaluating variables for test case","startTime":1518074430590,"endTime":0,"childRecords":[],"interuppted":false},{"index":1,"isIgnoredIfFailed":false,"type":"TEST_STEP","name":"openBrowser","message":"Browser is opened with url: \u0027http://gdadmin.hwanta71.godomall.com/base/login.php\u0027","description":"","startTime":1518074431006,"endTime":1518074440384,"childRecords":[{"testStatus":{"stackTrace":"","statusValue":"PASSED"},"type":"MESSAGE","name":"","message":"Browser is opened with url: \u0027http://gdadmin.hwanta71.godomall.com/base/login.php\u0027","startTime":1518074440384,"endTime":0,"childRecords":[],"interuppted":false}],"interuppted":false},{"index":2,"isIgnoredIfFailed":false,"type":"TEST_STEP","name":"setText","message":"Text \u0027hwanta\u0027 is set on object \u0027Object Repository/login/input_managerId\u0027","description":"","startTime":1518074440385,"endTime":1518074440694,"childRecords":[{"testStatus":{"stackTrace":"","statusValue":"PASSED"},"type":"MESSAGE","name":"","message":"Text \u0027hwanta\u0027 is set on object \u0027Object Repository/login/input_managerId\u0027","startTime":1518074440693,"endTime":0,"childRecords":[],"interuppted":false}],"interuppted":false},{"index":3,"isIgnoredIfFailed":false,"type":"TEST_STEP","name":"setText","message":"Text \u0027xogudgodo!@\u0027 is set on object \u0027Object Repository/login/input_managerPw\u0027","description":"","startTime":1518074440694,"endTime":1518074440843,"childRecords":[{"testStatus":{"stackTrace":"","statusValue":"PASSED"},"type":"MESSAGE","name":"","message":"Text \u0027xogudgodo!@\u0027 is set on object \u0027Object Repository/login/input_managerPw\u0027","startTime":1518074440842,"endTime":0,"childRecords":[],"interuppted":false}],"interuppted":false},{"index":4,"isIgnoredIfFailed":false,"type":"TEST_STEP","name":"click","message":"Object: \u0027Object Repository/login/input_btn btn-black\u0027 is clicked on","description":"","startTime":1518074440843,"endTime":1518074440976,"childRecords":[{"testStatus":{"stackTrace":"","statusValue":"PASSED"},"type":"MESSAGE","name":"","message":"Object: \u0027Object Repository/login/input_btn btn-black\u0027 is clicked on","startTime":1518074440975,"endTime":0,"childRecords":[],"interuppted":false}],"interuppted":false},{"attachment":"1518074441019.png","index":5,"isIgnoredIfFailed":false,"type":"TEST_STEP","name":"acceptAlert","message":"No alert found","description":"","startTime":1518074440976,"endTime":1518074441764,"childRecords":[{"testStatus":{"stackTrace":"","statusValue":"FAILED"},"attachment":"1518074441019.png","type":"MESSAGE","name":"","message":"No alert found","startTime":1518074441763,"endTime":0,"childRecords":[],"interuppted":false}],"interuppted":false},{"testStatus":{"stackTrace":"","statusValue":"FAILED"},"type":"MESSAGE","name":"","message":"Test Cases/login FAILED because (of) No alert found","startTime":1518074441766,"endTime":0,"childRecords":[],"interuppted":false}],"interuppted":false},{"isOptional":false,"type":"TEST_CASE","name":"Test Cases/base","id":"Test Cases/base","source":"C:\\\\Users\\\\hwanta\\\\Katalon Studio\\\\admin\\\\Test Cases\\\\base.tc","message":"Test Cases/base","description":"","startTime":1518074441772,"endTime":1518074448270,"childRecords":[{"testStatus":{"stackTrace":"","statusValue":"INFO"},"type":"MESSAGE","name":"","message":"Evaluating variables for test case","startTime":1518074441784,"endTime":0,"childRecords":[],"interuppted":false},{"index":1,"isIgnoredIfFailed":false,"type":"TEST_STEP","name":"click","message":"Object: \u0027Object Repository/base/basic info/a_\u0027 is clicked on","description":"","startTime":1518074442015,"endTime":1518074446692,"childRecords":[{"testStatus":{"stackTrace":"","statusValue":"PASSED"},"type":"MESSAGE","name":"","message":"Object: \u0027Object Repository/base/basic info/a_\u0027 is clicked on","startTime":1518074446692,"endTime":0,"childRecords":[],"interuppted":false}],"interuppted":false},{"index":2,"isIgnoredIfFailed":false,"type":"TEST_STEP","name":"setText","message":"Text \u0027테스트 자동화몰\u0027 is set on object \u0027Object Repository/base/basic info/input_mallNm\u0027","description":"","startTime":1518074446693,"endTime":1518074447401,"childRecords":[{"testStatus":{"stackTrace":"","statusValue":"PASSED"},"type":"MESSAGE","name":"","message":"Text \u0027테스트 자동화몰\u0027 is set on object \u0027Object Repository/base/basic info/input_mallNm\u0027","startTime":1518074447400,"endTime":0,"childRecords":[],"interuppted":false}],"interuppted":false},{"index":3,"isIgnoredIfFailed":false,"type":"TEST_STEP","name":"setText","message":"Text \u0027Test Auto eng\u0027 is set on object \u0027Object Repository/base/basic info/input_mallNmEng\u0027","description":"","startTime":1518074447401,"endTime":1518074447740,"childRecords":[{"testStatus":{"stackTrace":"","statusValue":"PASSED"},"type":"MESSAGE","name":"","message":"Text \u0027Test Auto eng\u0027 is set on object \u0027Object Repository/base/basic info/input_mallNmEng\u0027","startTime":1518074447739,"endTime":0,"childRecords":[],"interuppted":false}],"interuppted":false},{"index":4,"isIgnoredIfFailed":false,"type":"TEST_STEP","name":"setText","message":"Text \u0027환타\u0027 is set on object \u0027Object Repository/base/basic info/input_mallTitle\u0027","description":"","startTime":1518074447740,"endTime":1518074447906,"childRecords":[{"testStatus":{"stackTrace":"","statusValue":"PASSED"},"type":"MESSAGE","name":"","message":"Text \u0027환타\u0027 is set on object \u0027Object Repository/base/basic info/input_mallTitle\u0027","startTime":1518074447905,"endTime":0,"childRecords":[],"interuppted":false}],"interuppted":false},{"index":5,"isIgnoredIfFailed":false,"type":"TEST_STEP","name":"click","message":"Object: \u0027Object Repository/base/basic info/input_btn btn-red_save\u0027 is clicked on","description":"","startTime":1518074447906,"endTime":1518074448269,"childRecords":[{"testStatus":{"stackTrace":"","statusValue":"PASSED"},"type":"MESSAGE","name":"","message":"Object: \u0027Object Repository/base/basic info/input_btn btn-red_save\u0027 is clicked on","startTime":1518074448268,"endTime":0,"childRecords":[],"interuppted":false}],"interuppted":false},{"testStatus":{"stackTrace":"","statusValue":"PASSED"},"type":"MESSAGE","name":"","message":"Test Cases/base","startTime":1518074448269,"endTime":0,"childRecords":[],"interuppted":false}],"interuppted":false},{"isOptional":false,"type":"TEST_CASE","name":"Test Cases/goods","id":"Test Cases/goods","source":"C:\\\\Users\\\\hwanta\\\\Katalon Studio\\\\admin\\\\Test Cases\\\\goods.tc","message":"Test Cases/goods FAILED because (of) Unable to click on object \u0027Object Repository/goods/a_\u0027 (Root cause: org.openqa.selenium.ElementNotVisibleException: element not visible\n  (Session info: chrome\u003d63.0.3239.132)\n  (Driver info: chromedriver\u003d2.35.528161 (5b82f2d2aae0ca24b877009200ced9065a772e73),platform\u003dWindows NT 6.1.7601 SP1 x86_64) (WARNING: The server did not provide any stacktrace information)\nCommand duration or timeout: 0 milliseconds\nBuild info: version: \u00273.7.1\u0027, revision: \u00278a0099a\u0027, time: \u00272017-11-06T21:07:36.161Z\u0027\nSystem info: host: \u0027TT\u0027, ip: \u002710.77.236.189\u0027, os.name: \u0027Windows 7\u0027, os.arch: \u0027amd64\u0027, os.version: \u00276.1\u0027, java.version: \u00271.8.0_102\u0027\nDriver info: com.kms.katalon.selenium.driver.CChromeDriver\nCapabilities {acceptInsecureCerts: false, acceptSslCerts: false, applicationCacheEnabled: false, browserConnectionEnabled: false, browserName: chrome, chrome: {chromedriverVersion: 2.35.528161 (5b82f2d2aae0ca..., userDataDir: C:\\Users\\hwanta\\AppData\\Loc...}, cssSelectorsEnabled: true, databaseEnabled: false, handlesAlerts: true, hasTouchScreen: false, javascriptEnabled: true, locationContextEnabled: true, mobileEmulationEnabled: false, nativeEvents: true, networkConnectionEnabled: false, pageLoadStrategy: normal, platform: XP, platformName: XP, rotatable: false, setWindowRect: true, takesHeapSnapshot: true, takesScreenshot: true, unexpectedAlertBehaviour: , unhandledPromptBehavior: , version: 63.0.3239.132, webStorageEnabled: true}\nSession ID: 27d7cb45fcb07d8b6f27c81b6882f6ff)","description":"","startTime":1518074448275,"endTime":1518074449321,"childRecords":[{"testStatus":{"stackTrace":"","statusValue":"INFO"},"type":"MESSAGE","name":"","message":"Evaluating variables for test case","startTime":1518074448304,"endTime":0,"childRecords":[],"interuppted":false},{"attachment":"1518074448625.png","index":1,"isIgnoredIfFailed":false,"type":"TEST_STEP","name":"click","message":"Unable to click on object \u0027Object Repository/goods/a_\u0027 (Root cause: org.openqa.selenium.ElementNotVisibleException: element not visible\n  (Session info: chrome\u003d63.0.3239.132)\n  (Driver info: chromedriver\u003d2.35.528161 (5b82f2d2aae0ca24b877009200ced9065a772e73),platform\u003dWindows NT 6.1.7601 SP1 x86_64) (WARNING: The server did not provide any stacktrace information)\nCommand duration or timeout: 0 milliseconds\nBuild info: version: \u00273.7.1\u0027, revision: \u00278a0099a\u0027, time: \u00272017-11-06T21:07:36.161Z\u0027\nSystem info: host: \u0027TT\u0027, ip: \u002710.77.236.189\u0027, os.name: \u0027Windows 7\u0027, os.arch: \u0027amd64\u0027, os.version: \u00276.1\u0027, java.version: \u00271.8.0_102\u0027\nDriver info: com.kms.katalon.selenium.driver.CChromeDriver\nCapabilities {acceptInsecureCerts: false, acceptSslCerts: false, applicationCacheEnabled: false, browserConnectionEnabled: false, browserName: chrome, chrome: {chromedriverVersion: 2.35.528161 (5b82f2d2aae0ca..., userDataDir: C:\\Users\\hwanta\\AppData\\Loc...}, cssSelectorsEnabled: true, databaseEnabled: false, handlesAlerts: true, hasTouchScreen: false, javascriptEnabled: true, locationContextEnabled: true, mobileEmulationEnabled: false, nativeEvents: true, networkConnectionEnabled: false, pageLoadStrategy: normal, platform: XP, platformName: XP, rotatable: false, setWindowRect: true, takesHeapSnapshot: true, takesScreenshot: true, unexpectedAlertBehaviour: , unhandledPromptBehavior: , version: 63.0.3239.132, webStorageEnabled: true}\nSession ID: 27d7cb45fcb07d8b6f27c81b6882f6ff)","description":"","startTime":1518074448498,"endTime":1518074448938,"childRecords":[{"testStatus":{"stackTrace":"","statusValue":"FAILED"},"attachment":"1518074448625.png","type":"MESSAGE","name":"","message":"Unable to click on object \u0027Object Repository/goods/a_\u0027 (Root cause: org.openqa.selenium.ElementNotVisibleException: element not visible\n  (Session info: chrome\u003d63.0.3239.132)\n  (Driver info: chromedriver\u003d2.35.528161 (5b82f2d2aae0ca24b877009200ced9065a772e73),platform\u003dWindows NT 6.1.7601 SP1 x86_64) (WARNING: The server did not provide any stacktrace information)\nCommand duration or timeout: 0 milliseconds\nBuild info: version: \u00273.7.1\u0027, revision: \u00278a0099a\u0027, time: \u00272017-11-06T21:07:36.161Z\u0027\nSystem info: host: \u0027TT\u0027, ip: \u002710.77.236.189\u0027, os.name: \u0027Windows 7\u0027, os.arch: \u0027amd64\u0027, os.version: \u00276.1\u0027, java.version: \u00271.8.0_102\u0027\nDriver info: com.kms.katalon.selenium.driver.CChromeDriver\nCapabilities {acceptInsecureCerts: false, acceptSslCerts: false, applicationCacheEnabled: false, browserConnectionEnabled: false, browserName: chrome, chrome: {chromedriverVersion: 2.35.528161 (5b82f2d2aae0ca..., userDataDir: C:\\Users\\hwanta\\AppData\\Loc...}, cssSelectorsEnabled: true, databaseEnabled: false, handlesAlerts: true, hasTouchScreen: false, javascriptEnabled: true, locationContextEnabled: true, mobileEmulationEnabled: false, nativeEvents: true, networkConnectionEnabled: false, pageLoadStrategy: normal, platform: XP, platformName: XP, rotatable: false, setWindowRect: true, takesHeapSnapshot: true, takesScreenshot: true, unexpectedAlertBehaviour: , unhandledPromptBehavior: , version: 63.0.3239.132, webStorageEnabled: true}\nSession ID: 27d7cb45fcb07d8b6f27c81b6882f6ff)","startTime":1518074448937,"endTime":0,"childRecords":[],"interuppted":false}],"interuppted":false},{"attachment":"1518074449009.png","index":2,"isIgnoredIfFailed":false,"type":"TEST_STEP","name":"click","message":"Unable to click on object \u0027Object Repository/goods/input_btn btn-red-line js-regi\u0027 (Root cause: org.openqa.selenium.WebDriverException: unknown error: Element \u003cinput type\u003d\"button\" onclick\u003d\"mall_categoty();\" value\u003d\"대표카테고리 선택\" class\u003d\"btn btn-gray btn-sm\"\u003e is not clickable at point (267, 641). Other element would receive the click: \u003cdiv class\u003d\"modal bootstrap-dialog type-primary fade size-normal in\" role\u003d\"dialog\" aria-hidden\u003d\"true\" id\u003d\"f9d0c938-96e4-4302-ac47-187015745fce\" aria-labelledby\u003d\"f9d0c938-96e4-4302-ac47-187015745fce_title\" tabindex\u003d\"-1\" style\u003d\"z-index: 1050; display: block;\"\u003e...\u003c/div\u003e\n  (Session info: chrome\u003d63.0.3239.132)\n  (Driver info: chromedriver\u003d2.35.528161 (5b82f2d2aae0ca24b877009200ced9065a772e73),platform\u003dWindows NT 6.1.7601 SP1 x86_64) (WARNING: The server did not provide any stacktrace information)\nCommand duration or timeout: 0 milliseconds\nBuild info: version: \u00273.7.1\u0027, revision: \u00278a0099a\u0027, time: \u00272017-11-06T21:07:36.161Z\u0027\nSystem info: host: \u0027TT\u0027, ip: \u002710.77.236.189\u0027, os.name: \u0027Windows 7\u0027, os.arch: \u0027amd64\u0027, os.version: \u00276.1\u0027, java.version: \u00271.8.0_102\u0027\nDriver info: com.kms.katalon.selenium.driver.CChromeDriver\nCapabilities {acceptInsecureCerts: false, acceptSslCerts: false, applicationCacheEnabled: false, browserConnectionEnabled: false, browserName: chrome, chrome: {chromedriverVersion: 2.35.528161 (5b82f2d2aae0ca..., userDataDir: C:\\Users\\hwanta\\AppData\\Loc...}, cssSelectorsEnabled: true, databaseEnabled: false, handlesAlerts: true, hasTouchScreen: false, javascriptEnabled: true, locationContextEnabled: true, mobileEmulationEnabled: false, nativeEvents: true, networkConnectionEnabled: false, pageLoadStrategy: normal, platform: XP, platformName: XP, rotatable: false, setWindowRect: true, takesHeapSnapshot: true, takesScreenshot: true, unexpectedAlertBehaviour: , unhandledPromptBehavior: , version: 63.0.3239.132, webStorageEnabled: true}\nSession ID: 27d7cb45fcb07d8b6f27c81b6882f6ff)","description":"","startTime":1518074448939,"endTime":1518074449320,"childRecords":[{"testStatus":{"stackTrace":"","statusValue":"FAILED"},"attachment":"1518074449009.png","type":"MESSAGE","name":"","message":"Unable to click on object \u0027Object Repository/goods/input_btn btn-red-line js-regi\u0027 (Root cause: org.openqa.selenium.WebDriverException: unknown error: Element \u003cinput type\u003d\"button\" onclick\u003d\"mall_categoty();\" value\u003d\"대표카테고리 선택\" class\u003d\"btn btn-gray btn-sm\"\u003e is not clickable at point (267, 641). Other element would receive the click: \u003cdiv class\u003d\"modal bootstrap-dialog type-primary fade size-normal in\" role\u003d\"dialog\" aria-hidden\u003d\"true\" id\u003d\"f9d0c938-96e4-4302-ac47-187015745fce\" aria-labelledby\u003d\"f9d0c938-96e4-4302-ac47-187015745fce_title\" tabindex\u003d\"-1\" style\u003d\"z-index: 1050; display: block;\"\u003e...\u003c/div\u003e\n  (Session info: chrome\u003d63.0.3239.132)\n  (Driver info: chromedriver\u003d2.35.528161 (5b82f2d2aae0ca24b877009200ced9065a772e73),platform\u003dWindows NT 6.1.7601 SP1 x86_64) (WARNING: The server did not provide any stacktrace information)\nCommand duration or timeout: 0 milliseconds\nBuild info: version: \u00273.7.1\u0027, revision: \u00278a0099a\u0027, time: \u00272017-11-06T21:07:36.161Z\u0027\nSystem info: host: \u0027TT\u0027, ip: \u002710.77.236.189\u0027, os.name: \u0027Windows 7\u0027, os.arch: \u0027amd64\u0027, os.version: \u00276.1\u0027, java.version: \u00271.8.0_102\u0027\nDriver info: com.kms.katalon.selenium.driver.CChromeDriver\nCapabilities {acceptInsecureCerts: false, acceptSslCerts: false, applicationCacheEnabled: false, browserConnectionEnabled: false, browserName: chrome, chrome: {chromedriverVersion: 2.35.528161 (5b82f2d2aae0ca..., userDataDir: C:\\Users\\hwanta\\AppData\\Loc...}, cssSelectorsEnabled: true, databaseEnabled: false, handlesAlerts: true, hasTouchScreen: false, javascriptEnabled: true, locationContextEnabled: true, mobileEmulationEnabled: false, nativeEvents: true, networkConnectionEnabled: false, pageLoadStrategy: normal, platform: XP, platformName: XP, rotatable: false, setWindowRect: true, takesHeapSnapshot: true, takesScreenshot: true, unexpectedAlertBehaviour: , unhandledPromptBehavior: , version: 63.0.3239.132, webStorageEnabled: true}\nSession ID: 27d7cb45fcb07d8b6f27c81b6882f6ff)","startTime":1518074449319,"endTime":0,"childRecords":[],"interuppted":false}],"interuppted":false},{"testStatus":{"stackTrace":"","statusValue":"FAILED"},"type":"MESSAGE","name":"","message":"Test Cases/goods FAILED because (of) Unable to click on object \u0027Object Repository/goods/a_\u0027 (Root cause: org.openqa.selenium.ElementNotVisibleException: element not visible\n  (Session info: chrome\u003d63.0.3239.132)\n  (Driver info: chromedriver\u003d2.35.528161 (5b82f2d2aae0ca24b877009200ced9065a772e73),platform\u003dWindows NT 6.1.7601 SP1 x86_64) (WARNING: The server did not provide any stacktrace information)\nCommand duration or timeout: 0 milliseconds\nBuild info: version: \u00273.7.1\u0027, revision: \u00278a0099a\u0027, time: \u00272017-11-06T21:07:36.161Z\u0027\nSystem info: host: \u0027TT\u0027, ip: \u002710.77.236.189\u0027, os.name: \u0027Windows 7\u0027, os.arch: \u0027amd64\u0027, os.version: \u00276.1\u0027, java.version: \u00271.8.0_102\u0027\nDriver info: com.kms.katalon.selenium.driver.CChromeDriver\nCapabilities {acceptInsecureCerts: false, acceptSslCerts: false, applicationCacheEnabled: false, browserConnectionEnabled: false, browserName: chrome, chrome: {chromedriverVersion: 2.35.528161 (5b82f2d2aae0ca..., userDataDir: C:\\Users\\hwanta\\AppData\\Loc...}, cssSelectorsEnabled: true, databaseEnabled: false, handlesAlerts: true, hasTouchScreen: false, javascriptEnabled: true, locationContextEnabled: true, mobileEmulationEnabled: false, nativeEvents: true, networkConnectionEnabled: false, pageLoadStrategy: normal, platform: XP, platformName: XP, rotatable: false, setWindowRect: true, takesHeapSnapshot: true, takesScreenshot: true, unexpectedAlertBehaviour: , unhandledPromptBehavior: , version: 63.0.3239.132, webStorageEnabled: true}\nSession ID: 27d7cb45fcb07d8b6f27c81b6882f6ff)","startTime":1518074449320,"endTime":0,"childRecords":[],"interuppted":false}],"interuppted":false}],"interuppted":false}